This is pdfTeX, Version 3.141592653-2.6-1.40.28 (MiKTeX 25.12) (preloaded format=pdflatex.fmt)
 restricted \write18 enabled.
entering extended mode
(thesis.tex
LaTeX2e <2025-11-01>
L3 programming layer <2025-12-24>
(flamedissertation.cls
Document Class: flamedissertation 2022
(C:\Users\aarya\AppData\Local\Programs\MiKTeX\tex/latex/xcolor\xcolor.sty
(C:\Users\aarya\AppData\Local\Programs\MiKTeX\tex/latex/graphics-cfg\color.cfg)

(C:\Users\aarya\AppData\Local\Programs\MiKTeX\tex/latex/graphics-def\pdftex.def
)
(C:\Users\aarya\AppData\Local\Programs\MiKTeX\tex/latex/graphics\mathcolor.ltx)
)
(C:\Users\aarya\AppData\Local\Programs\MiKTeX\tex/latex/koma-script\scrbook.cls
Document Class: scrbook 2026/02/02 v3.49.2 KOMA-Script document class (book)

(C:\Users\aarya\AppData\Local\Programs\MiKTeX\tex/latex/koma-script\scrkbase.st
y
(C:\Users\aarya\AppData\Local\Programs\MiKTeX\tex/latex/koma-script\scrbase.sty

(C:\Users\aarya\AppData\Local\Programs\MiKTeX\tex/latex/koma-script\scrlfile.st
y
(C:\Users\aarya\AppData\Local\Programs\MiKTeX\tex/latex/koma-script\scrlfile-ho
ok.sty
(C:\Users\aarya\AppData\Local\Programs\MiKTeX\tex/latex/koma-script\scrlogo.sty
))) (C:\Users\aarya\AppData\Local\Programs\MiKTeX\tex/latex/graphics\keyval.sty
)))
(C:\Users\aarya\AppData\Local\Programs\MiKTeX\tex/latex/koma-script\tocbasic.st
y)
(C:\Users\aarya\AppData\Local\Programs\MiKTeX\tex/latex/koma-script\scrsize12pt
.clo)
(C:\Users\aarya\AppData\Local\Programs\MiKTeX\tex/latex/koma-script\typearea.st
y))
(C:\Users\aarya\AppData\Local\Programs\MiKTeX\tex/latex/geometry\geometry.sty
(C:\Users\aarya\AppData\Local\Programs\MiKTeX\tex/generic/iftex\ifvtex.sty
(C:\Users\aarya\AppData\Local\Programs\MiKTeX\tex/generic/iftex\iftex.sty))
(C:\Users\aarya\AppData\Local\Programs\MiKTeX\tex/latex/geometry\geometry.cfg))

(C:\Users\aarya\AppData\Local\Programs\MiKTeX\tex/latex/koma-script\scrlayer-sc
rpage.sty
(C:\Users\aarya\AppData\Local\Programs\MiKTeX\tex/latex/koma-script\scrlayer.st
y))

Package xcolor Warning: Package option `usenames' is obsolete and ignored on in
put line 210.

(C:\Users\aarya\AppData\Local\Programs\MiKTeX\tex/latex/xcolor\svgnam.def)
(flamedissertation.sty
(C:\Users\aarya\AppData\Local\Programs\MiKTeX\tex/latex/microtype\microtype.sty
(C:\Users\aarya\AppData\Local\Programs\MiKTeX\tex/latex/etoolbox\etoolbox.sty)
(C:\Users\aarya\AppData\Local\Programs\MiKTeX\tex/latex/microtype\microtype-pdf
tex.def)
(C:\Users\aarya\AppData\Local\Programs\MiKTeX\tex/latex/microtype\microtype.cfg
))
(C:\Users\aarya\AppData\Local\Programs\MiKTeX\tex/latex/setspace\setspace.sty)
(C:\Users\aarya\AppData\Local\Programs\MiKTeX\tex/latex/graphics\graphicx.sty
(C:\Users\aarya\AppData\Local\Programs\MiKTeX\tex/latex/graphics\graphics.sty
(C:\Users\aarya\AppData\Local\Programs\MiKTeX\tex/latex/graphics\trig.sty)
(C:\Users\aarya\AppData\Local\Programs\MiKTeX\tex/latex/graphics-cfg\graphics.c
fg)))
(C:\Users\aarya\AppData\Local\Programs\MiKTeX\tex/latex/caption\subcaption.sty
(C:\Users\aarya\AppData\Local\Programs\MiKTeX\tex/latex/caption\caption.sty
(C:\Users\aarya\AppData\Local\Programs\MiKTeX\tex/latex/caption\caption3.sty)))

(C:\Users\aarya\AppData\Local\Programs\MiKTeX\tex/latex/mathtools\mathtools.sty
(C:\Users\aarya\AppData\Local\Programs\MiKTeX\tex/latex/tools\calc.sty)
(C:\Users\aarya\AppData\Local\Programs\MiKTeX\tex/latex/mathtools\mhsetup.sty)
(C:\Users\aarya\AppData\Local\Programs\MiKTeX\tex/latex/amsmath\amsmath.sty
For additional information on amsmath, use the `?' option.
(C:\Users\aarya\AppData\Local\Programs\MiKTeX\tex/latex/amsmath\amstext.sty
(C:\Users\aarya\AppData\Local\Programs\MiKTeX\tex/latex/amsmath\amsgen.sty))
(C:\Users\aarya\AppData\Local\Programs\MiKTeX\tex/latex/amsmath\amsbsy.sty)
(C:\Users\aarya\AppData\Local\Programs\MiKTeX\tex/latex/amsmath\amsopn.sty)))
(C:\Users\aarya\AppData\Local\Programs\MiKTeX\tex/latex/booktabs\booktabs.sty)
(C:\Users\aarya\AppData\Local\Programs\MiKTeX\tex/latex/tools\array.sty)
(C:\Users\aarya\AppData\Local\Programs\MiKTeX\tex/latex/amscls\amsthm.sty)
(C:\Users\aarya\AppData\Local\Programs\MiKTeX\tex/latex/xpatch\xpatch.sty
(C:\Users\aarya\AppData\Local\Programs\MiKTeX\tex/latex/l3kernel\expl3.sty
(C:\Users\aarya\AppData\Local\Programs\MiKTeX\tex/latex/l3backend\l3backend-pdf
tex.def))
(C:\Users\aarya\AppData\Local\Programs\MiKTeX\tex/latex/l3packages/xparse\xpars
e.sty))
(C:\Users\aarya\AppData\Local\Programs\MiKTeX\tex/latex/amsfonts\amssymb.sty
(C:\Users\aarya\AppData\Local\Programs\MiKTeX\tex/latex/amsfonts\amsfonts.sty))
 (C:\Users\aarya\AppData\Local\Programs\MiKTeX\tex/latex/enumitem\enumitem.sty)
 (C:\Users\aarya\AppData\Local\Programs\MiKTeX\tex/latex/natbib\natbib.sty)
(C:\Users\aarya\AppData\Local\Programs\MiKTeX\tex/latex/eso-pic\eso-pic.sty)
(C:\Users\aarya\AppData\Local\Programs\MiKTeX\tex/latex/glossaries/base\glossar
ies.sty (C:\Users\aarya\AppData\Local\Programs\MiKTeX\tex/latex/base\ifthen.sty
) (C:\Users\aarya\AppData\Local\Programs\MiKTeX\tex/latex/xkeyval\xkeyval.sty
(C:\Users\aarya\AppData\Local\Programs\MiKTeX\tex/generic/xkeyval\xkeyval.tex
(C:\Users\aarya\AppData\Local\Programs\MiKTeX\tex/generic/xkeyval\xkvutils.tex)
))
(C:\Users\aarya\AppData\Local\Programs\MiKTeX\tex/latex/mfirstuc\mfirstuc.sty)
(C:\Users\aarya\AppData\Local\Programs\MiKTeX\tex/latex/xfor\xfor.sty)
(C:\Users\aarya\AppData\Local\Programs\MiKTeX\tex/latex/datatool\datatool-base.
sty
(C:\Users\aarya\AppData\Local\Programs\MiKTeX\tex/latex/tracklang\tracklang.sty

(C:\Users\aarya\AppData\Local\Programs\MiKTeX\tex/generic/tracklang\tracklang.t
ex))
(C:\Users\aarya\AppData\Local\Programs\MiKTeX\tex/latex/datatool\datatool-l3fp.
def)
(C:\Users\aarya\AppData\Local\Programs\MiKTeX\tex/latex/datatool\datatool-utf8.
ldf))
(C:\Users\aarya\AppData\Local\Programs\MiKTeX\tex/latex/glossaries/styles\gloss
ary-hypernav.sty)
(C:\Users\aarya\AppData\Local\Programs\MiKTeX\tex/latex/glossaries/styles\gloss
ary-list.sty)
(C:\Users\aarya\AppData\Local\Programs\MiKTeX\tex/latex/glossaries/styles\gloss
ary-long.sty
(C:\Users\aarya\AppData\Local\Programs\MiKTeX\tex/latex/tools\longtable.sty))
(C:\Users\aarya\AppData\Local\Programs\MiKTeX\tex/latex/glossaries/styles\gloss
ary-super.sty
(C:\Users\aarya\AppData\Local\Programs\MiKTeX\tex/latex/supertabular\supertabul
ar.sty))
(C:\Users\aarya\AppData\Local\Programs\MiKTeX\tex/latex/glossaries/styles\gloss
ary-tree.sty))
(C:\Users\aarya\AppData\Local\Programs\MiKTeX\tex/latex/nomencl\nomencl.sty)
(C:\Users\aarya\AppData\Local\Programs\MiKTeX\tex/latex/newtx\newtxtext.sty
`newtxtext' v1.744, 2024/04/01 Text macros taking advantage of TeXGyre Termes a
nd its extensions (msharpe)
(C:\Users\aarya\AppData\Local\Programs\MiKTeX\tex/latex/base\textcomp.sty)
(C:\Users\aarya\AppData\Local\Programs\MiKTeX\tex/latex/xstring\xstring.sty
(C:\Users\aarya\AppData\Local\Programs\MiKTeX\tex/generic/xstring\xstring.tex))
 (C:\Users\aarya\AppData\Local\Programs\MiKTeX\tex/latex/carlisle\scalefnt.sty)
(C:\Users\aarya\AppData\Local\Programs\MiKTeX\tex/generic/binhex\binhex.tex)
(C:\Users\aarya\AppData\Local\Programs\MiKTeX\tex/latex/fontaxes\fontaxes.sty
(C:\Users\aarya\AppData\Local\Programs\MiKTeX\tex/latex/figureversions\figureve
rsions.sty)))
(C:\Users\aarya\AppData\Local\Programs\MiKTeX\tex/latex/newtx\newtxmath.sty
`newtxmath' v1.754, 2024/09/22 Math macros based originally on txfonts (msharpe
)
(C:\Users\aarya\AppData\Local\Programs\MiKTeX\tex/latex/oberdiek\centernot.sty)
(C:\Users\aarya\AppData\Local\Programs\MiKTeX\tex/generic/binhex\binhex.tex)
amsthm NOT loaded
) (C:\Users\aarya\AppData\Local\Programs\MiKTeX\tex/latex/base\inputenc.sty)
(C:\Users\aarya\AppData\Local\Programs\MiKTeX\tex/latex/csquotes\csquotes.sty
(C:\Users\aarya\AppData\Local\Programs\MiKTeX\tex/latex/csquotes\csquotes.def)
(C:\Users\aarya\AppData\Local\Programs\MiKTeX\tex/latex/csquotes\csquotes.cfg))
))
(C:\Users\aarya\AppData\Local\Programs\MiKTeX\tex/latex/multirow\multirow.sty)
(C:\Users\aarya\AppData\Local\Programs\MiKTeX\tex/latex/pdflscape\pdflscape.sty

(C:\Users\aarya\AppData\Local\Programs\MiKTeX\tex/latex/pdflscape\pdflscape-nom
etadata.sty
(C:\Users\aarya\AppData\Local\Programs\MiKTeX\tex/latex/graphics\lscape.sty)))
(C:\Users\aarya\AppData\Local\Programs\MiKTeX\tex/latex/float\float.sty)
(1-frontmatter/front-glossary-abbreviations.tex)
(C:\Users\aarya\AppData\Local\Programs\MiKTeX\tex/latex/newtx\ot1ntxtlf.fd)
(thesis.aux

LaTeX Warning: Label `sec:external_validation' multiply defined.

) (C:\Users\aarya\AppData\Local\Programs\MiKTeX\tex/latex/newtx\omlntxmi.fd)
(C:\Users\aarya\AppData\Local\Programs\MiKTeX\tex/latex/newtx\untxexa.fd)
(C:\Users\aarya\AppData\Local\Programs\MiKTeX\tex/latex/newtx\lmsntxsy.fd)
(C:\Users\aarya\AppData\Local\Programs\MiKTeX\tex/latex/newtx\lmxntxexx.fd)
(C:\Users\aarya\AppData\Local\Programs\MiKTeX\tex/context/base/mkii\supp-pdf.mk
ii
[Loading MPS to PDF converter (version 2006.09.02).]
)
(C:\Users\aarya\AppData\Local\Programs\MiKTeX\tex/latex/epstopdf-pkg\epstopdf-b
ase.sty
(C:\Users\aarya\AppData\Local\Programs\MiKTeX\tex/latex/00miktex\epstopdf-sys.c
fg))
*geometry* driver: auto-detecting
*geometry* detected driver: pdftex
(C:\Users\aarya\AppData\Local\Programs\MiKTeX\tex/latex/microtype\mt-ptm.cfg)
(C:\Users\aarya\AppData\Local\Programs\MiKTeX\tex/latex/caption\ltcaption.sty)
(zz-imp/pre-imp-do-covers.tex (zz-imp/pre-imp-cover.tex
(C:\Users\aarya\AppData\Local\Programs\MiKTeX\tex/latex/newtx\ot1minntx.fd)
(C:\Users\aarya\AppData\Local\Programs\MiKTeX\tex/latex/amsfonts\umsa.fd)
(C:\Users\aarya\AppData\Local\Programs\MiKTeX\tex/latex/microtype\mt-msa.cfg)
(C:\Users\aarya\AppData\Local\Programs\MiKTeX\tex/latex/amsfonts\umsb.fd)
(C:\Users\aarya\AppData\Local\Programs\MiKTeX\tex/latex/microtype\mt-msb.cfg)
(C:\Users\aarya\AppData\Local\Programs\MiKTeX\tex/latex/newtx\untxmia.fd)
(C:\Users\aarya\AppData\Local\Programs\MiKTeX\tex/latex/newtx\untxsym.fd)
(C:\Users\aarya\AppData\Local\Programs\MiKTeX\tex/latex/newtx\untxsyc.fd))
[1{C:/Users/aarya/AppData/Local/MiKTeX/fonts/map/pdftex/pdftex.map}{C:/Users/aa
rya/AppData/Local/Programs/MiKTeX/fonts/enc/dvips/newtx/ntx-ot1-tlf.enc} <./ima
ges/flamelogo.png>] [2] (zz-imp/pre-imp-cover.tex)
(C:\Users\aarya\AppData\Local\Programs\MiKTeX\tex/latex/newtx\ts1ntxtlf.fd)
[3{C:/Users/aarya/AppData/Local/Programs/MiKTeX/fonts/enc/dvips/tex-gyre/q-ts1.
enc}] [4]) (zz-imp/pre-imp-cert.tex (0-prematter/pre-cert-attr.tex [5])
(0-prematter/pre-cert-guides.tex) [6])
(1-frontmatter/front-acknowledgements.tex [1])
(1-frontmatter/front-abstract.tex [2]) [3] [4] (thesis.toc [5]) [6] (thesis.lot
) [7] [8] (thesis.lof)
No file thesis.gls.
No file thesis.acr.
[9] [10] (2-mainmatter/chapters/chap-introduction.tex
chapter 1.
[1] [2] [3] [4]) (2-mainmatter/chapters/chap-literature.tex [5] [6]
chapter 2.
[7] [8] [9] [10] [11]) (2-mainmatter/chapters/chap-methodology.tex [12]
[13] [14]
chapter 3.
[15] [16] [17] [18 <./images/pca_variance_explained.png>] [19] [20 <./images/ac
tual_vs_predicted.png>] [21 <./images/residual_analysis.png>] [22] [23])
(2-mainmatter/chapters/chap-results.tex [24]
chapter 4.
[25] [26 <./images/feature_importance.png>] [27 <./images/delta_distribution_co
rrected.png>] [28 <./images/exposure_heatmap.png> <./images/risk_tiers_correcte
d.png>] [29] [30 <./images/external_validation_aioe.png>] [31] [32 <./images/mu
ltiplier_ablation_aioe.png>] [33]) (2-mainmatter/chapters/chap-conclusion.tex
[34 <./images/tree_extrapolation_comparison.png>] [35] [36]
chapter 5.
[37] [38] [39] [40]) (2-mainmatter/appendices/appn-feature-multipliers.tex
[41] [42]
chapter A.

Overfull \hbox (2.87515pt too wide) in paragraph at lines 9--48
 [][] 
) (2-mainmatter/appendices/appn-occupation-index.tex [43] [44] [45] [46]
chapter B.
ignored error: Infinite glue shrinkage found in box being split [47]
ignored error: Infinite glue shrinkage found in box being split [48]
ignored error: Infinite glue shrinkage found in box being split [49]
ignored error: Infinite glue shrinkage found in box being split [50]
ignored error: Infinite glue shrinkage found in box being split [51]
ignored error: Infinite glue shrinkage found in box being split [52]
ignored error: Infinite glue shrinkage found in box being split [53]
ignored error: Infinite glue shrinkage found in box being split [54]
ignored error: Infinite glue shrinkage found in box being split [55]
ignored error: Infinite glue shrinkage found in box being split [56]
ignored error: Infinite glue shrinkage found in box being split [57]
ignored error: Infinite glue shrinkage found in box being split [58]
ignored error: Infinite glue shrinkage found in box being split [59]
ignored error: Infinite glue shrinkage found in box being split [60]
ignored error: Infinite glue shrinkage found in box being split [61]
ignored error: Infinite glue shrinkage found in box being split [62]
ignored error: Infinite glue shrinkage found in box being split [63]
ignored error: Infinite glue shrinkage found in box being split [64]
ignored error: Infinite glue shrinkage found in box being split [65]
ignored error: Infinite glue shrinkage found in box being split [66]
ignored error: Infinite glue shrinkage found in box being split [67]
ignored error: Infinite glue shrinkage found in box being split [68]
ignored error: Infinite glue shrinkage found in box being split [69]
ignored error: Infinite glue shrinkage found in box being split [70]
ignored error: Infinite glue shrinkage found in box being split [71]
ignored error: Infinite glue shrinkage found in box being split [72]
ignored error: Infinite glue shrinkage found in box being split [73]
ignored error: Infinite glue shrinkage found in box being split [74]
ignored error: Infinite glue shrinkage found in box being split [75]
ignored error: Infinite glue shrinkage found in box being split [76]
ignored error: Infinite glue shrinkage found in box being split [77]
ignored error: Infinite glue shrinkage found in box being split [78]
ignored error: Infinite glue shrinkage found in box being split [79]
ignored error: Infinite glue shrinkage found in box being split [80]
ignored error: Infinite glue shrinkage found in box being split [81]
ignored error: Infinite glue shrinkage found in box being split [82]
ignored error: Infinite glue shrinkage found in box being split [83]
ignored error: Infinite glue shrinkage found in box being split [84]
ignored error: Infinite glue shrinkage found in box being split [85]
ignored error: Infinite glue shrinkage found in box being split [86]
ignored error: Infinite glue shrinkage found in box being split [87]
ignored error: Infinite glue shrinkage found in box being split [88]
ignored error: Infinite glue shrinkage found in box being split [89]
ignored error: Infinite glue shrinkage found in box being split [90]) [91]
[92] (thesis.bbl
chapter without number
(C:\Users\aarya\AppData\Local\Programs\MiKTeX\tex/latex/newtx\ot1ntxtt.fd)
[93]) [94] (thesis.aux)

LaTeX Warning: There were multiply-defined labels.

 )
(see the transcript file for additional information)<C:/Users/aarya/AppData/Loc
al/Programs/MiKTeX/fonts/type1/public/newtx/NewTXMI.pfb><C:/Users/aarya/AppData
/Local/Programs/MiKTeX/fonts/type1/public/tex-gyre/qtmr.pfb><C:/Users/aarya/App
Data/Local/Programs/MiKTeX/fonts/type1/public/newtx/txmiaX.pfb><C:/Users/aarya/
AppData/Local/Programs/MiKTeX/fonts/type1/public/newtx/txsys.pfb><C:/Users/aary
a/AppData/Local/Programs/MiKTeX/fonts/type1/public/txfonts/txtt.pfb><C:/Users/a
arya/AppData/Local/Programs/MiKTeX/fonts/type1/public/newtx/ztmb.pfb><C:/Users/
aarya/AppData/Local/Programs/MiKTeX/fonts/type1/public/newtx/ztmr.pfb><C:/Users
/aarya/AppData/Local/Programs/MiKTeX/fonts/type1/public/newtx/ztmri.pfb>
Output written on thesis.pdf (110 pages, 2050927 bytes).
Transcript written on thesis.log.
pdflatex: major issue: So far, you have not checked for MiKTeX updates.
